src/Mobile-Agent/android/app/build/intermediates/manifest_merge_blame_file/debug/manifest-merger-blame-debug-report.txt
1<?xml version="1.0" encoding="utf-8"?>
2<manifest xmlns:android="http://schemas.android.com/apk/res/android"
3    package="com.ariesbifold"
4    android:versionCode="1"
5    android:versionName="1.0" >
6
7    <uses-sdk
8        android:minSdkVersion="21"
9        android:targetSdkVersion="30" />
10
11    <uses-permission android:name="android.permission.SYSTEM_ALERT_WINDOW" />
11-->src/debug/AndroidManifest.xml:5:5-77
11-->src/debug/AndroidManifest.xml:5:22-75
12    <uses-permission android:name="android.permission.INTERNET" />
12-->src/main/AndroidManifest.xml:4:5-67
12-->src/main/AndroidManifest.xml:4:22-64
13    <uses-permission android:name="android.permission.VIBRATE" />
13-->src/main/AndroidManifest.xml:5:5-65
13-->src/main/AndroidManifest.xml:5:22-63
14
15    <uses-permission-sdk-23 android:name="android.permission.VIBRATE" />
15-->src/main/AndroidManifest.xml:6:5-72
15-->src/main/AndroidManifest.xml:6:29-70
16
17    <uses-permission android:name="android.permission.ACCESS_WIFI_STATE" />
17-->[com.facebook.flipper:flipper:0.99.0] AndroidManifest.xml:16:5-76
17-->[com.facebook.flipper:flipper:0.99.0] AndroidManifest.xml:16:22-73
18    <uses-permission android:name="android.permission.WRITE_EXTERNAL_STORAGE" />
18-->[:indy-sdk-react-native] AndroidManifest.xml:24:5-81
18-->[:indy-sdk-react-native] AndroidManifest.xml:24:22-78
19    <uses-permission android:name="android.permission.CAMERA" />
19-->[:react-native-camera] AndroidManifest.xml:9:5-65
19-->[:react-native-camera] AndroidManifest.xml:9:22-62
20
21    <uses-feature
21-->[:react-native-camera] AndroidManifest.xml:11:5-13:36
22        android:name="android.hardware.camera"
22-->[:react-native-camera] AndroidManifest.xml:12:9-47
23        android:required="false" />
23-->[:react-native-camera] AndroidManifest.xml:13:9-33
24    <uses-feature
24-->[:react-native-camera] AndroidManifest.xml:14:5-16:36
25        android:name="android.hardware.camera.autofocus"
25-->[:react-native-camera] AndroidManifest.xml:15:9-57
26        android:required="false" />
26-->[:react-native-camera] AndroidManifest.xml:16:9-33
27
28    <uses-permission android:name="android.permission.USE_BIOMETRIC" />
28-->[:react-native-keychain] AndroidManifest.xml:9:5-72
28-->[:react-native-keychain] AndroidManifest.xml:9:22-69
29    <uses-permission android:name="android.permission.USE_FINGERPRINT" /> <!-- Required by older versions of Google Play services to create IID tokens -->
29-->[:react-native-keychain] AndroidManifest.xml:10:5-74
29-->[:react-native-keychain] AndroidManifest.xml:10:22-71
30    <uses-permission android:name="com.google.android.c2dm.permission.RECEIVE" />
30-->[com.google.android.gms:play-services-iid:17.0.0] AndroidManifest.xml:23:5-82
30-->[com.google.android.gms:play-services-iid:17.0.0] AndroidManifest.xml:23:22-79
31    <uses-permission android:name="com.google.android.finsky.permission.BIND_GET_INSTALL_REFERRER_SERVICE" />
31-->[com.android.installreferrer:installreferrer:1.1.2] AndroidManifest.xml:9:5-110
31-->[com.android.installreferrer:installreferrer:1.1.2] AndroidManifest.xml:9:22-107
32
33    <application
33-->src/main/AndroidManifest.xml:8:5-26:19
34        android:name="com.ariesbifold.MainApplication"
34-->src/main/AndroidManifest.xml:9:7-38
35        android:allowBackup="false"
35-->src/main/AndroidManifest.xml:12:7-34
36        android:appComponentFactory="androidx.core.app.CoreComponentFactory"
36-->[androidx.core:core:1.6.0] AndroidManifest.xml:24:18-86
37        android:debuggable="true"
38        android:icon="@mipmap/basic_swish"
38-->src/main/AndroidManifest.xml:11:7-41
39        android:label="@string/app_name"
39-->src/main/AndroidManifest.xml:10:7-39
40        android:theme="@style/AppTheme"
40-->src/main/AndroidManifest.xml:13:7-38
41        android:usesCleartextTraffic="true" >
41-->src/main/AndroidManifest.xml:14:7-42
42        <activity android:name="com.facebook.react.devsupport.DevSettingsActivity" />
42-->src/debug/AndroidManifest.xml:11:9-86
42-->src/debug/AndroidManifest.xml:11:19-83
43        <activity
43-->src/main/AndroidManifest.xml:15:7-25:18
44            android:name="com.ariesbifold.MainActivity"
44-->src/main/AndroidManifest.xml:16:9-37
45            android:configChanges="keyboard|keyboardHidden|orientation|screenSize|uiMode"
45-->src/main/AndroidManifest.xml:18:9-86
46            android:label="@string/app_name"
46-->src/main/AndroidManifest.xml:17:9-41
47            android:launchMode="singleTask"
47-->src/main/AndroidManifest.xml:19:9-40
48            android:windowSoftInputMode="adjustResize" >
48-->src/main/AndroidManifest.xml:20:9-51
49            <intent-filter>
49-->src/main/AndroidManifest.xml:21:9-24:25
50                <action android:name="android.intent.action.MAIN" />
50-->src/main/AndroidManifest.xml:22:13-65
50-->src/main/AndroidManifest.xml:22:21-62
51
52                <category android:name="android.intent.category.LAUNCHER" />
52-->src/main/AndroidManifest.xml:23:13-73
52-->src/main/AndroidManifest.xml:23:23-70
53            </intent-filter>
54        </activity> <!-- suppress AndroidDomInspection -->
55        <activity
55-->[:react-native-keychain] AndroidManifest.xml:15:9-18:67
56            android:name="androidx.biometric.DeviceCredentialHandlerActivity"
56-->[:react-native-keychain] AndroidManifest.xml:16:13-78
57            android:exported="true"
57-->[:react-native-keychain] AndroidManifest.xml:17:13-36
58            android:theme="@style/DeviceCredentialHandlerTheme" />
58-->[:react-native-keychain] AndroidManifest.xml:18:13-64
59        <activity
59-->[com.google.android.gms:play-services-base:17.0.0] AndroidManifest.xml:23:9-26:75
60            android:name="com.google.android.gms.common.api.GoogleApiActivity"
60-->[com.google.android.gms:play-services-base:17.0.0] AndroidManifest.xml:24:13-79
61            android:exported="false"
61-->[com.google.android.gms:play-services-base:17.0.0] AndroidManifest.xml:25:13-37
62            android:theme="@android:style/Theme.Translucent.NoTitleBar" />
62-->[com.google.android.gms:play-services-base:17.0.0] AndroidManifest.xml:26:13-72
63
64        <meta-data
64-->[com.google.android.gms:play-services-basement:17.0.0] AndroidManifest.xml:23:9-25:69
65            android:name="com.google.android.gms.version"
65-->[com.google.android.gms:play-services-basement:17.0.0] AndroidManifest.xml:24:13-58
66            android:value="@integer/google_play_services_version" />
66-->[com.google.android.gms:play-services-basement:17.0.0] AndroidManifest.xml:25:13-66
67    </application>
68
69</manifest>